[debug] [2020-04-08T16:47:27.206Z] ----------------------------------------------------------------------
[debug] [2020-04-08T16:47:27.209Z] Command:       C:\Program Files\nodejs\node.exe C:\Users\chirag hs\AppData\Roaming\npm\node_modules\firebase-tools\lib\bin\firebase.js init hosting
[debug] [2020-04-08T16:47:27.209Z] CLI Version:   7.16.1
[debug] [2020-04-08T16:47:27.209Z] Platform:      win32
[debug] [2020-04-08T16:47:27.209Z] Node Version:  v11.0.0
[debug] [2020-04-08T16:47:27.223Z] Time:          Wed Apr 08 2020 22:17:27 GMT+0530 (India Standard Time)
[debug] [2020-04-08T16:47:27.223Z] ----------------------------------------------------------------------
[debug] [2020-04-08T16:47:27.223Z] 
[debug] [2020-04-08T16:47:27.349Z] > command requires scopes: ["email","openid","https://www.googleapis.com/auth/cloudplatformprojects.readonly","https://www.googleapis.com/auth/firebase","https://www.googleapis.com/auth/cloud-platform"]
[debug] [2020-04-08T16:47:27.350Z] > authorizing via signed-in user
[info] 
     ######## #### ########  ######## ########     ###     ######  ########
     ##        ##  ##     ## ##       ##     ##  ##   ##  ##       ##
     ######    ##  ########  ######   ########  #########  ######  ######
     ##        ##  ##    ##  ##       ##     ## ##     ##       ## ##
     ##       #### ##     ## ######## ########  ##     ##  ######  ########

You're about to initialize a Firebase project in this directory:

  D:\crud

Before we get started, keep in mind:

  * You are initializing in an existing Firebase project directory

[info] 
=== Project Setup
[info] 
[info] First, let's associate this project directory with a Firebase project.
[info] You can create multiple project aliases by running firebase use --add, 
[info] but for now we'll just set up a default project.
[info] 
[info] i  .firebaserc already has a default project, using phpcheckhost.
[debug] [2020-04-08T16:47:30.105Z] > refreshing access token with scopes: ["email","https://www.googleapis.com/auth/cloud-platform","https://www.googleapis.com/auth/cloudplatformprojects.readonly","https://www.googleapis.com/auth/firebase","openid"]
[debug] [2020-04-08T16:47:30.105Z] >>> HTTP REQUEST POST https://www.googleapis.com/oauth2/v3/token  
 <request body omitted>
[debug] [2020-04-08T16:47:30.549Z] <<< HTTP RESPONSE 200
[debug] [2020-04-08T16:47:30.557Z] >>> HTTP REQUEST GET https://firebase.googleapis.com/v1beta1/projects/phpcheckhost  
 
[debug] [2020-04-08T16:47:31.522Z] <<< HTTP RESPONSE 403
[debug] [2020-04-08T16:47:31.523Z] <<< HTTP RESPONSE BODY
[debug] [2020-04-08T16:47:31.527Z] HTTP Error: 403, The caller does not have permission
[debug] [2020-04-08T16:47:31.920Z] FirebaseError: HTTP Error: 403, The caller does not have permission
    at module.exports (C:\Users\chirag hs\AppData\Roaming\npm\node_modules\firebase-tools\lib\responseToError.js:38:12)
    at Request._callback (C:\Users\chirag hs\AppData\Roaming\npm\node_modules\firebase-tools\lib\api.js:40:35)
    at Request.self.callback (C:\Users\chirag hs\AppData\Roaming\npm\node_modules\firebase-tools\node_modules\request\request.js:185:22)
    at Request.emit (events.js:182:13)
    at Request.EventEmitter.emit (domain.js:441:20)
    at Request.<anonymous> (C:\Users\chirag hs\AppData\Roaming\npm\node_modules\firebase-tools\node_modules\request\request.js:1154:10)
    at Request.emit (events.js:182:13)
    at Request.EventEmitter.emit (domain.js:441:20)
    at IncomingMessage.<anonymous> (C:\Users\chirag hs\AppData\Roaming\npm\node_modules\firebase-tools\node_modules\request\request.js:1076:12)
    at Object.onceWrapper (events.js:273:13)
    at IncomingMessage.emit (events.js:187:15)
    at IncomingMessage.EventEmitter.emit (domain.js:441:20)
    at endReadableNT (_stream_readable.js:1094:12)
    at process.internalTickCallback (internal/process/next_tick.js:72:19)
[error] 
[error] Error: Failed to get Firebase project phpcheckhost. Please make sure the project exists and your account has permission to access it.
